c:\users\lanya\source\repos\cookiememorycopydriver\cookiememorycopydriver\x64\debug\vc143.pdb
c:\users\lanya\source\repos\cookiememorycopydriver\cookiememorycopydriver\x64\debug\driver.obj
c:\users\lanya\source\repos\cookiememorycopydriver\x64\debug\cookiememorycopydriver\cookiememorycopydriver.cat
c:\users\lanya\source\repos\cookiememorycopydriver\x64\debug\cookiememorycopydriver.sys
c:\users\lanya\source\repos\cookiememorycopydriver\x64\debug\cookiememorycopydriver.pdb
c:\users\lanya\source\repos\cookiememorycopydriver\cookiememorycopydriver\x64\debug\cookiememorycopydriver.inf
c:\users\lanya\source\repos\cookiememorycopydriver\x64\debug\cookiememorycopydriver.cer
c:\users\lanya\source\repos\cookiememorycopydriver\x64\debug\cookiememorycopydriver.inf
c:\users\lanya\source\repos\cookiememorycopydriver\cookiememorycopydriver\x64\debug\cookieme.0b8b9eda.tlog\cl.command.1.tlog
c:\users\lanya\source\repos\cookiememorycopydriver\cookiememorycopydriver\x64\debug\cookieme.0b8b9eda.tlog\cl.items.tlog
c:\users\lanya\source\repos\cookiememorycopydriver\cookiememorycopydriver\x64\debug\cookieme.0b8b9eda.tlog\cl.read.1.tlog
c:\users\lanya\source\repos\cookiememorycopydriver\cookiememorycopydriver\x64\debug\cookieme.0b8b9eda.tlog\cl.write.1.tlog
c:\users\lanya\source\repos\cookiememorycopydriver\cookiememorycopydriver\x64\debug\cookieme.0b8b9eda.tlog\inf2cat-expand.41372.read.1.tlog
c:\users\lanya\source\repos\cookiememorycopydriver\cookiememorycopydriver\x64\debug\cookieme.0b8b9eda.tlog\inf2cat-expand.41372.write.1.tlog
c:\users\lanya\source\repos\cookiememorycopydriver\cookiememorycopydriver\x64\debug\cookieme.0b8b9eda.tlog\inf2cat-expand.read.1.tlog
c:\users\lanya\source\repos\cookiememorycopydriver\cookiememorycopydriver\x64\debug\cookieme.0b8b9eda.tlog\inf2cat-expand.write.1.tlog
c:\users\lanya\source\repos\cookiememorycopydriver\cookiememorycopydriver\x64\debug\cookieme.0b8b9eda.tlog\inf2cat.command.1.tlog
c:\users\lanya\source\repos\cookiememorycopydriver\cookiememorycopydriver\x64\debug\cookieme.0b8b9eda.tlog\inf2cat.read.1.tlog
c:\users\lanya\source\repos\cookiememorycopydriver\cookiememorycopydriver\x64\debug\cookieme.0b8b9eda.tlog\inf2cat.write.1.tlog
c:\users\lanya\source\repos\cookiememorycopydriver\cookiememorycopydriver\x64\debug\cookieme.0b8b9eda.tlog\link.command.1.tlog
c:\users\lanya\source\repos\cookiememorycopydriver\cookiememorycopydriver\x64\debug\cookieme.0b8b9eda.tlog\link.read.1.tlog
c:\users\lanya\source\repos\cookiememorycopydriver\cookiememorycopydriver\x64\debug\cookieme.0b8b9eda.tlog\link.write.1.tlog
c:\users\lanya\source\repos\cookiememorycopydriver\cookiememorycopydriver\x64\debug\cookieme.0b8b9eda.tlog\signtool.command.1.tlog
c:\users\lanya\source\repos\cookiememorycopydriver\cookiememorycopydriver\x64\debug\cookieme.0b8b9eda.tlog\signtool.read.1.tlog
c:\users\lanya\source\repos\cookiememorycopydriver\cookiememorycopydriver\x64\debug\cookieme.0b8b9eda.tlog\signtool.timestamp.1.tlog
c:\users\lanya\source\repos\cookiememorycopydriver\cookiememorycopydriver\x64\debug\cookieme.0b8b9eda.tlog\signtool.write.1.tlog
c:\users\lanya\source\repos\cookiememorycopydriver\cookiememorycopydriver\x64\debug\cookieme.0b8b9eda.tlog\stampinf.command.1.tlog
c:\users\lanya\source\repos\cookiememorycopydriver\cookiememorycopydriver\x64\debug\cookieme.0b8b9eda.tlog\stampinf.read.1.tlog
c:\users\lanya\source\repos\cookiememorycopydriver\cookiememorycopydriver\x64\debug\cookieme.0b8b9eda.tlog\stampinf.write.1.tlog
